mode: set
github.com/albar2305/enigma-laundry-apps/repository/bill_repository.go:21.59,23.16 2 0
github.com/albar2305/enigma-laundry-apps/repository/bill_repository.go:23.16,25.3 1 0
github.com/albar2305/enigma-laundry-apps/repository/bill_repository.go:27.2,29.16 2 0
github.com/albar2305/enigma-laundry-apps/repository/bill_repository.go:29.16,31.3 1 0
github.com/albar2305/enigma-laundry-apps/repository/bill_repository.go:33.2,33.43 1 0
github.com/albar2305/enigma-laundry-apps/repository/bill_repository.go:33.43,35.17 2 0
github.com/albar2305/enigma-laundry-apps/repository/bill_repository.go:35.17,37.4 1 0
github.com/albar2305/enigma-laundry-apps/repository/bill_repository.go:39.2,39.36 1 0
github.com/albar2305/enigma-laundry-apps/repository/bill_repository.go:39.36,41.3 1 0
github.com/albar2305/enigma-laundry-apps/repository/bill_repository.go:42.2,42.12 1 0
github.com/albar2305/enigma-laundry-apps/repository/bill_repository.go:46.70,55.16 4 0
github.com/albar2305/enigma-laundry-apps/repository/bill_repository.go:55.16,57.3 1 0
github.com/albar2305/enigma-laundry-apps/repository/bill_repository.go:59.2,67.16 3 0
github.com/albar2305/enigma-laundry-apps/repository/bill_repository.go:67.16,69.3 1 0
github.com/albar2305/enigma-laundry-apps/repository/bill_repository.go:71.2,71.18 1 0
github.com/albar2305/enigma-laundry-apps/repository/bill_repository.go:71.18,74.17 3 0
github.com/albar2305/enigma-laundry-apps/repository/bill_repository.go:74.17,76.4 1 0
github.com/albar2305/enigma-laundry-apps/repository/bill_repository.go:78.3,78.91 1 0
github.com/albar2305/enigma-laundry-apps/repository/bill_repository.go:81.2,81.29 1 0
github.com/albar2305/enigma-laundry-apps/repository/bill_repository.go:84.109,86.2 1 0
github.com/albar2305/enigma-laundry-apps/repository/bill_repository.go:88.51,90.2 1 0
github.com/albar2305/enigma-laundry-apps/repository/customer_repository.go:21.66,23.16 2 0
github.com/albar2305/enigma-laundry-apps/repository/customer_repository.go:23.16,25.3 1 0
github.com/albar2305/enigma-laundry-apps/repository/customer_repository.go:26.2,26.12 1 0
github.com/albar2305/enigma-laundry-apps/repository/customer_repository.go:28.62,30.16 2 0
github.com/albar2305/enigma-laundry-apps/repository/customer_repository.go:30.16,32.3 1 0
github.com/albar2305/enigma-laundry-apps/repository/customer_repository.go:34.2,35.18 2 0
github.com/albar2305/enigma-laundry-apps/repository/customer_repository.go:35.18,38.17 3 0
github.com/albar2305/enigma-laundry-apps/repository/customer_repository.go:38.17,40.4 1 0
github.com/albar2305/enigma-laundry-apps/repository/customer_repository.go:41.3,41.42 1 0
github.com/albar2305/enigma-laundry-apps/repository/customer_repository.go:43.2,43.23 1 0
github.com/albar2305/enigma-laundry-apps/repository/customer_repository.go:45.68,48.16 3 0
github.com/albar2305/enigma-laundry-apps/repository/customer_repository.go:48.16,50.3 1 0
github.com/albar2305/enigma-laundry-apps/repository/customer_repository.go:51.2,51.22 1 0
github.com/albar2305/enigma-laundry-apps/repository/customer_repository.go:54.66,56.16 2 0
github.com/albar2305/enigma-laundry-apps/repository/customer_repository.go:56.16,58.3 1 0
github.com/albar2305/enigma-laundry-apps/repository/customer_repository.go:59.2,59.12 1 0
github.com/albar2305/enigma-laundry-apps/repository/customer_repository.go:61.82,64.16 3 0
github.com/albar2305/enigma-laundry-apps/repository/customer_repository.go:64.16,66.3 1 0
github.com/albar2305/enigma-laundry-apps/repository/customer_repository.go:67.2,67.21 1 0
github.com/albar2305/enigma-laundry-apps/repository/customer_repository.go:70.53,72.16 2 0
github.com/albar2305/enigma-laundry-apps/repository/customer_repository.go:72.16,74.3 1 0
github.com/albar2305/enigma-laundry-apps/repository/customer_repository.go:75.2,75.12 1 0
github.com/albar2305/enigma-laundry-apps/repository/customer_repository.go:77.109,80.16 3 0
github.com/albar2305/enigma-laundry-apps/repository/customer_repository.go:80.16,82.3 1 0
github.com/albar2305/enigma-laundry-apps/repository/customer_repository.go:83.2,84.18 2 0
github.com/albar2305/enigma-laundry-apps/repository/customer_repository.go:84.18,87.17 3 0
github.com/albar2305/enigma-laundry-apps/repository/customer_repository.go:87.17,89.4 1 0
github.com/albar2305/enigma-laundry-apps/repository/customer_repository.go:90.3,90.42 1 0
github.com/albar2305/enigma-laundry-apps/repository/customer_repository.go:93.2,96.16 4 0
github.com/albar2305/enigma-laundry-apps/repository/customer_repository.go:96.16,98.3 1 0
github.com/albar2305/enigma-laundry-apps/repository/customer_repository.go:100.2,100.97 1 0
github.com/albar2305/enigma-laundry-apps/repository/customer_repository.go:103.58,107.2 1 0
github.com/albar2305/enigma-laundry-apps/repository/employee_repository.go:21.67,23.16 2 0
github.com/albar2305/enigma-laundry-apps/repository/employee_repository.go:23.16,25.3 1 0
github.com/albar2305/enigma-laundry-apps/repository/employee_repository.go:26.2,26.12 1 0
github.com/albar2305/enigma-laundry-apps/repository/employee_repository.go:28.63,30.16 2 0
github.com/albar2305/enigma-laundry-apps/repository/employee_repository.go:30.16,32.3 1 0
github.com/albar2305/enigma-laundry-apps/repository/employee_repository.go:34.2,35.18 2 0
github.com/albar2305/enigma-laundry-apps/repository/employee_repository.go:35.18,38.17 3 0
github.com/albar2305/enigma-laundry-apps/repository/employee_repository.go:38.17,40.4 1 0
github.com/albar2305/enigma-laundry-apps/repository/employee_repository.go:41.3,41.42 1 0
github.com/albar2305/enigma-laundry-apps/repository/employee_repository.go:43.2,43.23 1 0
github.com/albar2305/enigma-laundry-apps/repository/employee_repository.go:45.69,48.16 3 0
github.com/albar2305/enigma-laundry-apps/repository/employee_repository.go:48.16,50.3 1 0
github.com/albar2305/enigma-laundry-apps/repository/employee_repository.go:51.2,51.22 1 0
github.com/albar2305/enigma-laundry-apps/repository/employee_repository.go:54.67,56.16 2 0
github.com/albar2305/enigma-laundry-apps/repository/employee_repository.go:56.16,58.3 1 0
github.com/albar2305/enigma-laundry-apps/repository/employee_repository.go:59.2,59.12 1 0
github.com/albar2305/enigma-laundry-apps/repository/employee_repository.go:61.83,64.16 3 0
github.com/albar2305/enigma-laundry-apps/repository/employee_repository.go:64.16,66.3 1 0
github.com/albar2305/enigma-laundry-apps/repository/employee_repository.go:67.2,67.22 1 0
github.com/albar2305/enigma-laundry-apps/repository/employee_repository.go:70.110,73.16 3 0
github.com/albar2305/enigma-laundry-apps/repository/employee_repository.go:73.16,75.3 1 0
github.com/albar2305/enigma-laundry-apps/repository/employee_repository.go:76.2,77.18 2 0
github.com/albar2305/enigma-laundry-apps/repository/employee_repository.go:77.18,80.17 3 0
github.com/albar2305/enigma-laundry-apps/repository/employee_repository.go:80.17,82.4 1 0
github.com/albar2305/enigma-laundry-apps/repository/employee_repository.go:83.3,83.42 1 0
github.com/albar2305/enigma-laundry-apps/repository/employee_repository.go:86.2,89.16 4 0
github.com/albar2305/enigma-laundry-apps/repository/employee_repository.go:89.16,91.3 1 0
github.com/albar2305/enigma-laundry-apps/repository/employee_repository.go:93.2,93.97 1 0
github.com/albar2305/enigma-laundry-apps/repository/employee_repository.go:96.54,98.16 2 0
github.com/albar2305/enigma-laundry-apps/repository/employee_repository.go:98.16,100.3 1 0
github.com/albar2305/enigma-laundry-apps/repository/employee_repository.go:101.2,101.12 1 0
github.com/albar2305/enigma-laundry-apps/repository/employee_repository.go:104.59,108.2 1 0
github.com/albar2305/enigma-laundry-apps/repository/product_repository.go:20.65,22.16 2 1
github.com/albar2305/enigma-laundry-apps/repository/product_repository.go:22.16,24.3 1 1
github.com/albar2305/enigma-laundry-apps/repository/product_repository.go:25.2,25.12 1 1
github.com/albar2305/enigma-laundry-apps/repository/product_repository.go:28.61,30.16 2 1
github.com/albar2305/enigma-laundry-apps/repository/product_repository.go:30.16,32.3 1 1
github.com/albar2305/enigma-laundry-apps/repository/product_repository.go:34.2,35.18 2 1
github.com/albar2305/enigma-laundry-apps/repository/product_repository.go:35.18,38.17 3 1
github.com/albar2305/enigma-laundry-apps/repository/product_repository.go:38.17,40.4 1 0
github.com/albar2305/enigma-laundry-apps/repository/product_repository.go:41.3,41.39 1 1
github.com/albar2305/enigma-laundry-apps/repository/product_repository.go:43.2,43.22 1 1
github.com/albar2305/enigma-laundry-apps/repository/product_repository.go:47.67,51.16 4 1
github.com/albar2305/enigma-laundry-apps/repository/product_repository.go:51.16,53.3 1 1
github.com/albar2305/enigma-laundry-apps/repository/product_repository.go:54.2,54.21 1 1
github.com/albar2305/enigma-laundry-apps/repository/product_repository.go:57.65,59.16 2 0
github.com/albar2305/enigma-laundry-apps/repository/product_repository.go:59.16,61.3 1 0
github.com/albar2305/enigma-laundry-apps/repository/product_repository.go:62.2,62.12 1 0
github.com/albar2305/enigma-laundry-apps/repository/product_repository.go:65.53,67.16 2 1
github.com/albar2305/enigma-laundry-apps/repository/product_repository.go:67.16,69.3 1 1
github.com/albar2305/enigma-laundry-apps/repository/product_repository.go:70.2,70.12 1 1
github.com/albar2305/enigma-laundry-apps/repository/product_repository.go:73.108,76.16 3 1
github.com/albar2305/enigma-laundry-apps/repository/product_repository.go:76.16,78.3 1 1
github.com/albar2305/enigma-laundry-apps/repository/product_repository.go:79.2,80.18 2 1
github.com/albar2305/enigma-laundry-apps/repository/product_repository.go:80.18,83.17 3 1
github.com/albar2305/enigma-laundry-apps/repository/product_repository.go:83.17,85.4 1 0
github.com/albar2305/enigma-laundry-apps/repository/product_repository.go:86.3,86.39 1 1
github.com/albar2305/enigma-laundry-apps/repository/product_repository.go:89.2,92.16 4 1
github.com/albar2305/enigma-laundry-apps/repository/product_repository.go:92.16,94.3 1 1
github.com/albar2305/enigma-laundry-apps/repository/product_repository.go:96.2,96.96 1 1
github.com/albar2305/enigma-laundry-apps/repository/product_repository.go:99.57,103.2 1 1
github.com/albar2305/enigma-laundry-apps/repository/uom_repository.go:18.57,20.16 2 0
github.com/albar2305/enigma-laundry-apps/repository/uom_repository.go:20.16,22.3 1 0
github.com/albar2305/enigma-laundry-apps/repository/uom_repository.go:23.2,23.12 1 0
github.com/albar2305/enigma-laundry-apps/repository/uom_repository.go:25.53,27.16 2 0
github.com/albar2305/enigma-laundry-apps/repository/uom_repository.go:27.16,29.3 1 0
github.com/albar2305/enigma-laundry-apps/repository/uom_repository.go:31.2,32.18 2 0
github.com/albar2305/enigma-laundry-apps/repository/uom_repository.go:32.18,35.17 3 0
github.com/albar2305/enigma-laundry-apps/repository/uom_repository.go:35.17,37.4 1 0
github.com/albar2305/enigma-laundry-apps/repository/uom_repository.go:38.3,38.27 1 0
github.com/albar2305/enigma-laundry-apps/repository/uom_repository.go:40.2,40.18 1 0
github.com/albar2305/enigma-laundry-apps/repository/uom_repository.go:42.59,45.16 3 0
github.com/albar2305/enigma-laundry-apps/repository/uom_repository.go:45.16,47.3 1 0
github.com/albar2305/enigma-laundry-apps/repository/uom_repository.go:48.2,48.17 1 0
github.com/albar2305/enigma-laundry-apps/repository/uom_repository.go:51.67,54.16 3 0
github.com/albar2305/enigma-laundry-apps/repository/uom_repository.go:54.16,56.3 1 0
github.com/albar2305/enigma-laundry-apps/repository/uom_repository.go:57.2,57.17 1 0
github.com/albar2305/enigma-laundry-apps/repository/uom_repository.go:59.57,61.16 2 0
github.com/albar2305/enigma-laundry-apps/repository/uom_repository.go:61.16,63.3 1 0
github.com/albar2305/enigma-laundry-apps/repository/uom_repository.go:64.2,64.12 1 0
github.com/albar2305/enigma-laundry-apps/repository/uom_repository.go:67.49,69.16 2 0
github.com/albar2305/enigma-laundry-apps/repository/uom_repository.go:69.16,71.3 1 0
github.com/albar2305/enigma-laundry-apps/repository/uom_repository.go:72.2,72.12 1 0
github.com/albar2305/enigma-laundry-apps/repository/uom_repository.go:75.49,79.2 1 0
github.com/albar2305/enigma-laundry-apps/repository/user_repository.go:23.69,25.16 2 0
github.com/albar2305/enigma-laundry-apps/repository/user_repository.go:25.16,27.3 1 0
github.com/albar2305/enigma-laundry-apps/repository/user_repository.go:28.2,28.12 1 0
github.com/albar2305/enigma-laundry-apps/repository/user_repository.go:32.85,35.16 3 0
github.com/albar2305/enigma-laundry-apps/repository/user_repository.go:35.16,37.3 1 0
github.com/albar2305/enigma-laundry-apps/repository/user_repository.go:38.2,38.18 1 0
github.com/albar2305/enigma-laundry-apps/repository/user_repository.go:42.110,45.16 2 0
github.com/albar2305/enigma-laundry-apps/repository/user_repository.go:45.16,47.3 1 0
github.com/albar2305/enigma-laundry-apps/repository/user_repository.go:49.2,50.16 2 0
github.com/albar2305/enigma-laundry-apps/repository/user_repository.go:50.16,52.3 1 0
github.com/albar2305/enigma-laundry-apps/repository/user_repository.go:54.2,54.18 1 0
github.com/albar2305/enigma-laundry-apps/repository/user_repository.go:57.65,60.16 3 0
github.com/albar2305/enigma-laundry-apps/repository/user_repository.go:60.16,62.3 1 0
github.com/albar2305/enigma-laundry-apps/repository/user_repository.go:63.2,63.18 1 0
github.com/albar2305/enigma-laundry-apps/repository/user_repository.go:63.18,66.17 3 0
github.com/albar2305/enigma-laundry-apps/repository/user_repository.go:66.17,68.4 1 0
github.com/albar2305/enigma-laundry-apps/repository/user_repository.go:69.3,69.30 1 0
github.com/albar2305/enigma-laundry-apps/repository/user_repository.go:71.2,71.19 1 0
github.com/albar2305/enigma-laundry-apps/repository/user_repository.go:74.51,76.2 1 0
github.com/albar2305/enigma-laundry-apps/usecase/auth_usecase.go:18.79,20.16 2 0
github.com/albar2305/enigma-laundry-apps/usecase/auth_usecase.go:20.16,22.3 1 0
github.com/albar2305/enigma-laundry-apps/usecase/auth_usecase.go:24.2,25.16 2 0
github.com/albar2305/enigma-laundry-apps/usecase/auth_usecase.go:25.16,27.3 1 0
github.com/albar2305/enigma-laundry-apps/usecase/auth_usecase.go:28.2,28.19 1 0
github.com/albar2305/enigma-laundry-apps/usecase/auth_usecase.go:31.54,33.2 1 0
github.com/albar2305/enigma-laundry-apps/usecase/bill_usecase.go:26.65,29.16 2 0
github.com/albar2305/enigma-laundry-apps/usecase/bill_usecase.go:29.16,31.3 1 0
github.com/albar2305/enigma-laundry-apps/usecase/bill_usecase.go:33.2,34.16 2 0
github.com/albar2305/enigma-laundry-apps/usecase/bill_usecase.go:34.16,36.3 1 0
github.com/albar2305/enigma-laundry-apps/usecase/bill_usecase.go:37.2,38.45 2 0
github.com/albar2305/enigma-laundry-apps/usecase/bill_usecase.go:38.45,41.17 2 0
github.com/albar2305/enigma-laundry-apps/usecase/bill_usecase.go:41.17,43.4 1 0
github.com/albar2305/enigma-laundry-apps/usecase/bill_usecase.go:44.3,48.48 5 0
github.com/albar2305/enigma-laundry-apps/usecase/bill_usecase.go:50.2,57.16 7 0
github.com/albar2305/enigma-laundry-apps/usecase/bill_usecase.go:57.16,59.3 1 0
github.com/albar2305/enigma-laundry-apps/usecase/bill_usecase.go:61.2,61.12 1 0
github.com/albar2305/enigma-laundry-apps/usecase/bill_usecase.go:64.113,66.2 1 0
github.com/albar2305/enigma-laundry-apps/usecase/bill_usecase.go:68.76,73.16 4 0
github.com/albar2305/enigma-laundry-apps/usecase/bill_usecase.go:73.16,75.3 1 0
github.com/albar2305/enigma-laundry-apps/usecase/bill_usecase.go:77.2,77.48 1 0
github.com/albar2305/enigma-laundry-apps/usecase/bill_usecase.go:77.48,79.3 1 0
github.com/albar2305/enigma-laundry-apps/usecase/bill_usecase.go:80.2,82.29 3 0
github.com/albar2305/enigma-laundry-apps/usecase/bill_usecase.go:85.148,92.2 1 0
github.com/albar2305/enigma-laundry-apps/usecase/customer_usecase.go:24.76,25.78 1 0
github.com/albar2305/enigma-laundry-apps/usecase/customer_usecase.go:25.78,27.3 1 0
github.com/albar2305/enigma-laundry-apps/usecase/customer_usecase.go:29.2,31.55 2 0
github.com/albar2305/enigma-laundry-apps/usecase/customer_usecase.go:31.55,33.3 1 0
github.com/albar2305/enigma-laundry-apps/usecase/customer_usecase.go:35.2,36.16 2 0
github.com/albar2305/enigma-laundry-apps/usecase/customer_usecase.go:36.16,38.3 1 0
github.com/albar2305/enigma-laundry-apps/usecase/customer_usecase.go:39.2,39.12 1 0
github.com/albar2305/enigma-laundry-apps/usecase/customer_usecase.go:42.115,44.2 1 0
github.com/albar2305/enigma-laundry-apps/usecase/customer_usecase.go:46.78,48.16 2 0
github.com/albar2305/enigma-laundry-apps/usecase/customer_usecase.go:48.16,50.3 1 0
github.com/albar2305/enigma-laundry-apps/usecase/customer_usecase.go:51.2,51.22 1 0
github.com/albar2305/enigma-laundry-apps/usecase/customer_usecase.go:54.82,56.2 1 0
github.com/albar2305/enigma-laundry-apps/usecase/customer_usecase.go:57.71,58.78 1 0
github.com/albar2305/enigma-laundry-apps/usecase/customer_usecase.go:58.78,60.3 1 0
github.com/albar2305/enigma-laundry-apps/usecase/customer_usecase.go:62.2,63.90 2 0
github.com/albar2305/enigma-laundry-apps/usecase/customer_usecase.go:63.90,65.3 1 0
github.com/albar2305/enigma-laundry-apps/usecase/customer_usecase.go:67.2,68.16 2 0
github.com/albar2305/enigma-laundry-apps/usecase/customer_usecase.go:68.16,70.3 1 0
github.com/albar2305/enigma-laundry-apps/usecase/customer_usecase.go:71.2,71.12 1 0
github.com/albar2305/enigma-laundry-apps/usecase/customer_usecase.go:74.58,76.16 2 0
github.com/albar2305/enigma-laundry-apps/usecase/customer_usecase.go:76.16,78.3 1 0
github.com/albar2305/enigma-laundry-apps/usecase/customer_usecase.go:80.2,81.16 2 0
github.com/albar2305/enigma-laundry-apps/usecase/customer_usecase.go:81.16,83.3 1 0
github.com/albar2305/enigma-laundry-apps/usecase/customer_usecase.go:84.2,84.12 1 0
github.com/albar2305/enigma-laundry-apps/usecase/customer_usecase.go:87.76,89.2 1 0
github.com/albar2305/enigma-laundry-apps/usecase/employee-usecase.go:24.77,25.78 1 0
github.com/albar2305/enigma-laundry-apps/usecase/employee-usecase.go:25.78,27.3 1 0
github.com/albar2305/enigma-laundry-apps/usecase/employee-usecase.go:29.2,31.55 2 0
github.com/albar2305/enigma-laundry-apps/usecase/employee-usecase.go:31.55,33.3 1 0
github.com/albar2305/enigma-laundry-apps/usecase/employee-usecase.go:35.2,36.16 2 0
github.com/albar2305/enigma-laundry-apps/usecase/employee-usecase.go:36.16,38.3 1 0
github.com/albar2305/enigma-laundry-apps/usecase/employee-usecase.go:39.2,39.12 1 0
github.com/albar2305/enigma-laundry-apps/usecase/employee-usecase.go:41.83,43.2 1 0
github.com/albar2305/enigma-laundry-apps/usecase/employee-usecase.go:45.116,47.2 1 0
github.com/albar2305/enigma-laundry-apps/usecase/employee-usecase.go:49.79,51.16 2 0
github.com/albar2305/enigma-laundry-apps/usecase/employee-usecase.go:51.16,53.3 1 0
github.com/albar2305/enigma-laundry-apps/usecase/employee-usecase.go:54.2,54.22 1 0
github.com/albar2305/enigma-laundry-apps/usecase/employee-usecase.go:57.72,58.78 1 0
github.com/albar2305/enigma-laundry-apps/usecase/employee-usecase.go:58.78,60.3 1 0
github.com/albar2305/enigma-laundry-apps/usecase/employee-usecase.go:62.2,63.90 2 0
github.com/albar2305/enigma-laundry-apps/usecase/employee-usecase.go:63.90,65.3 1 0
github.com/albar2305/enigma-laundry-apps/usecase/employee-usecase.go:67.2,68.16 2 0
github.com/albar2305/enigma-laundry-apps/usecase/employee-usecase.go:68.16,70.3 1 0
github.com/albar2305/enigma-laundry-apps/usecase/employee-usecase.go:71.2,71.12 1 0
github.com/albar2305/enigma-laundry-apps/usecase/employee-usecase.go:74.59,76.16 2 0
github.com/albar2305/enigma-laundry-apps/usecase/employee-usecase.go:76.16,78.3 1 0
github.com/albar2305/enigma-laundry-apps/usecase/employee-usecase.go:80.2,81.16 2 0
github.com/albar2305/enigma-laundry-apps/usecase/employee-usecase.go:81.16,83.3 1 0
github.com/albar2305/enigma-laundry-apps/usecase/employee-usecase.go:84.2,84.12 1 0
github.com/albar2305/enigma-laundry-apps/usecase/employee-usecase.go:87.77,89.2 1 0
github.com/albar2305/enigma-laundry-apps/usecase/product_usecase.go:24.74,25.70 1 1
github.com/albar2305/enigma-laundry-apps/usecase/product_usecase.go:25.70,27.3 1 1
github.com/albar2305/enigma-laundry-apps/usecase/product_usecase.go:29.2,30.16 2 1
github.com/albar2305/enigma-laundry-apps/usecase/product_usecase.go:30.16,32.3 1 1
github.com/albar2305/enigma-laundry-apps/usecase/product_usecase.go:34.2,36.16 3 1
github.com/albar2305/enigma-laundry-apps/usecase/product_usecase.go:36.16,38.3 1 1
github.com/albar2305/enigma-laundry-apps/usecase/product_usecase.go:39.2,39.12 1 1
github.com/albar2305/enigma-laundry-apps/usecase/product_usecase.go:42.112,44.2 1 1
github.com/albar2305/enigma-laundry-apps/usecase/product_usecase.go:46.76,48.16 2 1
github.com/albar2305/enigma-laundry-apps/usecase/product_usecase.go:48.16,50.3 1 1
github.com/albar2305/enigma-laundry-apps/usecase/product_usecase.go:51.2,51.21 1 1
github.com/albar2305/enigma-laundry-apps/usecase/product_usecase.go:54.69,56.2 1 1
github.com/albar2305/enigma-laundry-apps/usecase/product_usecase.go:58.57,60.2 1 1
github.com/albar2305/enigma-laundry-apps/usecase/product_usecase.go:62.92,67.2 1 1
github.com/albar2305/enigma-laundry-apps/usecase/uom_usecase.go:22.62,23.24 1 0
github.com/albar2305/enigma-laundry-apps/usecase/uom_usecase.go:23.24,25.3 1 0
github.com/albar2305/enigma-laundry-apps/usecase/uom_usecase.go:27.2,28.39 2 0
github.com/albar2305/enigma-laundry-apps/usecase/uom_usecase.go:28.39,30.3 1 0
github.com/albar2305/enigma-laundry-apps/usecase/uom_usecase.go:32.2,33.16 2 0
github.com/albar2305/enigma-laundry-apps/usecase/uom_usecase.go:33.16,35.3 1 0
github.com/albar2305/enigma-laundry-apps/usecase/uom_usecase.go:36.2,36.12 1 0
github.com/albar2305/enigma-laundry-apps/usecase/uom_usecase.go:39.56,41.2 1 0
github.com/albar2305/enigma-laundry-apps/usecase/uom_usecase.go:43.64,45.2 1 0
github.com/albar2305/enigma-laundry-apps/usecase/uom_usecase.go:47.57,48.24 1 0
github.com/albar2305/enigma-laundry-apps/usecase/uom_usecase.go:48.24,50.3 1 0
github.com/albar2305/enigma-laundry-apps/usecase/uom_usecase.go:52.2,53.68 2 0
github.com/albar2305/enigma-laundry-apps/usecase/uom_usecase.go:53.68,55.3 1 0
github.com/albar2305/enigma-laundry-apps/usecase/uom_usecase.go:57.2,58.16 2 0
github.com/albar2305/enigma-laundry-apps/usecase/uom_usecase.go:58.16,60.3 1 0
github.com/albar2305/enigma-laundry-apps/usecase/uom_usecase.go:61.2,61.12 1 0
github.com/albar2305/enigma-laundry-apps/usecase/uom_usecase.go:64.49,66.16 2 0
github.com/albar2305/enigma-laundry-apps/usecase/uom_usecase.go:66.16,68.3 1 0
github.com/albar2305/enigma-laundry-apps/usecase/uom_usecase.go:70.2,71.16 2 0
github.com/albar2305/enigma-laundry-apps/usecase/uom_usecase.go:71.16,73.3 1 0
github.com/albar2305/enigma-laundry-apps/usecase/uom_usecase.go:74.2,74.12 1 0
github.com/albar2305/enigma-laundry-apps/usecase/uom_usecase.go:77.62,79.2 1 0
github.com/albar2305/enigma-laundry-apps/usecase/user_usecase.go:23.69,25.2 1 0
github.com/albar2305/enigma-laundry-apps/usecase/user_usecase.go:28.85,30.2 1 0
github.com/albar2305/enigma-laundry-apps/usecase/user_usecase.go:33.110,35.2 1 0
github.com/albar2305/enigma-laundry-apps/usecase/user_usecase.go:38.75,43.16 5 0
github.com/albar2305/enigma-laundry-apps/usecase/user_usecase.go:43.16,45.3 1 0
github.com/albar2305/enigma-laundry-apps/usecase/user_usecase.go:46.2,46.12 1 0
github.com/albar2305/enigma-laundry-apps/usecase/user_usecase.go:49.65,51.2 1 0
